<?xml version="1.0" encoding="UTF-8"?>
<!-- Generated by org.testng.reporters.JUnitReportReporter -->
<testsuite skipped="7" hostname="SD-PC-W10--5051" name="HealthPass.ResetPasswordTests" tests="8" failures="0" timestamp="10 Dec 2018 12:35:25 GMT" time="61.104" errors="0">
  <testcase name="ResetPasswordLeftDrawer" time="61.104" classname="HealthPass.ResetPasswordTests"/>
  <testcase name="ResendOTP" classname="HealthPass.ResetPasswordTests">
    <skipped/>
  </testcase> <!-- ResendOTP -->
  <testcase name="InvalidOTP" classname="HealthPass.ResetPasswordTests">
    <skipped/>
  </testcase> <!-- InvalidOTP -->
  <testcase name="LoginAfterReset" classname="HealthPass.ResetPasswordTests">
    <skipped/>
  </testcase> <!-- LoginAfterReset -->
  <testcase name="SuccessReset" classname="HealthPass.ResetPasswordTests">
    <skipped/>
  </testcase> <!-- SuccessReset -->
  <testcase name="InvalidPassword" classname="HealthPass.ResetPasswordTests">
    <skipped/>
  </testcase> <!-- InvalidPassword -->
  <testcase name="InvalidPhoneNumber" classname="HealthPass.ResetPasswordTests">
    <skipped/>
  </testcase> <!-- InvalidPhoneNumber -->
  <testcase name="NonindianPhoneNumber" classname="HealthPass.ResetPasswordTests">
    <skipped/>
  </testcase> <!-- NonindianPhoneNumber -->
</testsuite> <!-- HealthPass.ResetPasswordTests -->
