<?xml version="1.0" encoding="UTF-8"?>
<!-- Generated by org.testng.reporters.JUnitReportReporter -->
<testsuite skipped="5" hostname="SD-PC-W10--5051" name="HealthPass.RegistrationTests" tests="6" failures="0" timestamp="06 Dec 2018 09:27:34 GMT" time="117.325" errors="1">
  <testcase name="invalidOTP" time="117.325" classname="HealthPass.RegistrationTests">
    <error type="org.openqa.selenium.WebDriverException" message="An unknown server-side error occurred while processing the command. Original error: Soft keyboard not present, cannot hide keyboard
Build info: version: &#039;3.14.0&#039;, revision: &#039;aacccce0&#039;, time: &#039;2018-08-02T20:05:20.749Z&#039;
System info: host: &#039;SD-PC-W10--5051&#039;, ip: &#039;172.20.144.41&#039;, os.name: &#039;Windows 10&#039;, os.arch: &#039;amd64&#039;, os.version: &#039;10.0&#039;, java.version: &#039;1.8.0_181&#039;
Driver info: io.appium.java_client.android.AndroidDriver
Capabilities {appActivity: global.medicount.healthpass..., appPackage: global.medicount.healthpass..., databaseEnabled: false, desired: {appActivity: global.medicount.healthpass..., appPackage: global.medicount.healthpass..., deviceName: HTC, noReset: true, platformName: android, platformVersion: 5.0.2, udid: LF63TYH11820}, deviceManufacturer: HTC, deviceModel: HTC One E9PLUS dual sim, deviceName: LF63TYH11820, deviceScreenSize: 1440x2560, deviceUDID: LF63TYH11820, javascriptEnabled: true, locationContextEnabled: false, networkConnectionEnabled: true, noReset: true, platform: LINUX, platformName: Android, platformVersion: 5.0.2, takesScreenshot: true, udid: LF63TYH11820, warnings: {}, webStorageEnabled: false}
Session ID: f4a6207d-ec2a-4c43-bffa-0b58bb73250b">
      <![CDATA[org.openqa.selenium.WebDriverException: An unknown server-side error occurred while processing the command. Original error: Soft keyboard not present, cannot hide keyboardBuild info: version: '3.14.0', revision: 'aacccce0', time: '2018-08-02T20:05:20.749Z'System info: host: 'SD-PC-W10--5051', ip: '172.20.144.41', os.name: 'Windows 10', os.arch: 'amd64', os.version: '10.0', java.version: '1.8.0_181'Driver info: io.appium.java_client.android.AndroidDriverCapabilities {appActivity: global.medicount.healthpass..., appPackage: global.medicount.healthpass..., databaseEnabled: false, desired: {appActivity: global.medicount.healthpass..., appPackage: global.medicount.healthpass..., deviceName: HTC, noReset: true, platformName: android, platformVersion: 5.0.2, udid: LF63TYH11820}, deviceManufacturer: HTC, deviceModel: HTC One E9PLUS dual sim, deviceName: LF63TYH11820, deviceScreenSize: 1440x2560, deviceUDID: LF63TYH11820, javascriptEnabled: true, locationContextEnabled: false, networkConnectionEnabled: true, noReset: true, platform: LINUX, platformName: Android, platformVersion: 5.0.2, takesScreenshot: true, udid: LF63TYH11820, warnings: {}, webStorageEnabled: false}Session ID: f4a6207d-ec2a-4c43-bffa-0b58bb73250bat sun.reflect.NativeConstructorAccessorImpl.newInstance0(Native Method)at sun.reflect.NativeConstructorAccessorImpl.newInstance(Unknown Source)at sun.reflect.DelegatingConstructorAccessorImpl.newInstance(Unknown Source)at java.lang.reflect.Constructor.newInstance(Unknown Source)at org.openqa.selenium.remote.http.W3CHttpResponseCodec.createException(W3CHttpResponseCodec.java:187)at org.openqa.selenium.remote.http.W3CHttpResponseCodec.decode(W3CHttpResponseCodec.java:122)at org.openqa.selenium.remote.http.W3CHttpResponseCodec.decode(W3CHttpResponseCodec.java:49)at org.openqa.selenium.remote.HttpCommandExecutor.execute(HttpCommandExecutor.java:158)at io.appium.java_client.remote.AppiumCommandExecutor.execute(AppiumCommandExecutor.java:231)at org.openqa.selenium.remote.RemoteWebDriver.execute(RemoteWebDriver.java:548)at io.appium.java_client.DefaultGenericMobileDriver.execute(DefaultGenericMobileDriver.java:46)at io.appium.java_client.AppiumDriver.execute(AppiumDriver.java:1)at io.appium.java_client.android.AndroidDriver.execute(AndroidDriver.java:1)at io.appium.java_client.HidesKeyboard.hideKeyboard(HidesKeyboard.java:27)at HealthPass.RegistrationTests.invalidOTP(RegistrationTests.java:143)at sun.reflect.NativeMethodAccessorImpl.invoke0(Native Method)at sun.reflect.NativeMethodAccessorImpl.invoke(Unknown Source)at sun.reflect.DelegatingMethodAccessorImpl.invoke(Unknown Source)at java.lang.reflect.Method.invoke(Unknown Source)at org.testng.internal.MethodInvocationHelper.invokeMethod(MethodInvocationHelper.java:124)at org.testng.internal.Invoker.invokeMethod(Invoker.java:571)at org.testng.internal.Invoker.invokeTestMethod(Invoker.java:707)at org.testng.internal.Invoker.invokeTestMethods(Invoker.java:979)at org.testng.internal.TestMethodWorker.invokeTestMethods(TestMethodWorker.java:125)at org.testng.internal.TestMethodWorker.run(TestMethodWorker.java:109)at org.testng.TestRunner.privateRun(TestRunner.java:648)at org.testng.TestRunner.run(TestRunner.java:505)at org.testng.SuiteRunner.runTest(SuiteRunner.java:455)at org.testng.SuiteRunner.runSequentially(SuiteRunner.java:450)at org.testng.SuiteRunner.privateRun(SuiteRunner.java:415)at org.testng.SuiteRunner.run(SuiteRunner.java:364)at org.testng.SuiteRunnerWorker.runSuite(SuiteRunnerWorker.java:52)at org.testng.SuiteRunnerWorker.run(SuiteRunnerWorker.java:84)at org.testng.TestNG.runSuitesSequentially(TestNG.java:1187)at org.testng.TestNG.runSuitesLocally(TestNG.java:1116)at org.testng.TestNG.runSuites(TestNG.java:1028)at org.testng.TestNG.run(TestNG.java:996)at org.testng.remote.AbstractRemoteTestNG.run(AbstractRemoteTestNG.java:114)at org.testng.remote.RemoteTestNG.initAndRun(RemoteTestNG.java:251)at org.testng.remote.RemoteTestNG.main(RemoteTestNG.java:77)]]>
    </error>
  </testcase> <!-- invalidOTP -->
  <testcase name="SuccessRegVoter" classname="HealthPass.RegistrationTests">
    <skipped/>
  </testcase> <!-- SuccessRegVoter -->
  <testcase name="SuccessRegPan" classname="HealthPass.RegistrationTests">
    <skipped/>
  </testcase> <!-- SuccessRegPan -->
  <testcase name="SuccessRegDriverLic" classname="HealthPass.RegistrationTests">
    <skipped/>
  </testcase> <!-- SuccessRegDriverLic -->
  <testcase name="SuccessRegAadhar" classname="HealthPass.RegistrationTests">
    <skipped/>
  </testcase> <!-- SuccessRegAadhar -->
  <testcase name="SuccessRegAgent" classname="HealthPass.RegistrationTests">
    <skipped/>
  </testcase> <!-- SuccessRegAgent -->
</testsuite> <!-- HealthPass.RegistrationTests -->
